<?xml version="1.0" encoding="UTF-8"?>
<testsuite name="com.actions.demo.DemoApplicationTests" tests="1" skipped="0" failures="0" errors="0" timestamp="2024-12-04T02:34:03" hostname="soyandrestrujillos-MacBook-Pro.local" time="0.324">
  <properties/>
  <testcase name="contextLoads()" classname="com.actions.demo.DemoApplicationTests" time="0.324"/>
  <system-out><![CDATA[21:34:03.022 [Test worker] INFO org.springframework.test.context.support.AnnotationConfigContextLoaderUtils -- Could not detect default configuration classes for test class [com.actions.demo.DemoApplicationTests]: DemoApplicationTests does not declare any static, non-private, non-final, nested classes annotated with @Configuration.
21:34:03.064 [Test worker] INFO org.springframework.boot.test.context.SpringBootTestContextBootstrapper -- Found @SpringBootConfiguration com.actions.demo.DemoApplication for test class com.actions.demo.DemoApplicationTests

  .   ____          _            __ _ _
 /\\ / ___'_ __ _ _(_)_ __  __ _ \ \ \ \
( ( )\___ | '_ | '_| | '_ \/ _` | \ \ \ \
 \\/  ___)| |_)| | | | | || (_| |  ) ) ) )
  '  |____| .__|_| |_|_| |_\__, | / / / /
 =========|_|==============|___/=/_/_/_/

 :: Spring Boot ::                (v3.4.0)

2024-12-03T21:34:03.191-05:00  INFO 78612 --- [demo] [    Test worker] com.actions.demo.DemoApplicationTests    : Starting DemoApplicationTests using Java 17.0.13 with PID 78612 (started by soyandrestrujillo in /Users/soyandrestrujillo/software_engineer/side_projects/backend_engineer/java/updated-github-actions)
2024-12-03T21:34:03.192-05:00  INFO 78612 --- [demo] [    Test worker] com.actions.demo.DemoApplicationTests    : No active profile set, falling back to 1 default profile: "default"
2024-12-03T21:34:03.367-05:00  INFO 78612 --- [demo] [    Test worker] com.actions.demo.DemoApplicationTests    : Started DemoApplicationTests in 0.259 seconds (process running for 0.713)
]]></system-out>
  <system-err><![CDATA[]]></system-err>
</testsuite>
